<?xml version="1.0" encoding="UTF-8"?>
<!-- Generated by org.testng.reporters.JUnitReportReporter -->
<testsuite skipped="0" hostname="DESKTOP-RLV2AIU" name="browsertest.AppiumCommandLine" tests="1" failures="0" timestamp="05 Mar 2019 08:39:03 GMT" time="4.732" errors="0">
  <testcase name="testcase01" time="4.732" classname="browsertest.AppiumCommandLine"/>
</testsuite> <!-- browsertest.AppiumCommandLine -->
